Arguments: 
  /Users/tomaszwlodarczyk/.nvm/versions/node/v14.17.0/bin/node /opt/homebrew/Cellar/yarn/1.22.10/libexec/bin/yarn.js add body-parser

PATH: 
  /Users/tomaszwlodarczyk/.nvm/versions/node/v14.17.0/bin:/opt/homebrew/opt/mysql@5.7/bin:/usr/local/opt/mysql-client@5.7/bin:/Users/tomaszwlodarczyk/.nvm/versions/node/v10.23.3/bin:/opt/homebrew/bin:/opt/homebrew/sbin:/usr/local/bin:/usr/bin:/bin:/usr/sbin:/sbin:/usr/local/go/bin:/opt/homebrew/opt/mysql@5.7/bin:/usr/local/opt/mysql-client@5.7/bin:/Users/tomaszwlodarczyk/.nvm/versions/node/v10.23.3/bin:/opt/homebrew/bin:/opt/homebrew/sbin:/Applications/Visual Studio Code.app/Contents/Resources/app/bin:/Users/tomaszwlodarczyk/work/go/bin:/Applications/Visual Studio Code.app/Contents/Resources/app/bin:/usr/local/go/bin:/Users/tomaszwlodarczyk/work/go/bin

Yarn version: 
  1.22.10

Node version: 
  14.17.0

Platform: 
  darwin x64

Trace: 
  SyntaxError: /Users/tomaszwlodarczyk/work/go-cli-notifier/notifier/package.json: Unexpected end of JSON input
      at JSON.parse (<anonymous>)
      at /opt/homebrew/Cellar/yarn/1.22.10/libexec/lib/cli.js:1625:59
      at Generator.next (<anonymous>)
      at step (/opt/homebrew/Cellar/yarn/1.22.10/libexec/lib/cli.js:310:30)
      at /opt/homebrew/Cellar/yarn/1.22.10/libexec/lib/cli.js:321:13

npm manifest: 
  

yarn manifest: 
  No manifest

Lockfile: 
  No lockfile
